  Source.c
c:\users\user\source\repos\laba10\laba10\source.c(14): warning C4013: listInit: нет определения; предполагается "extern" с возвратом типа "int"
c:\users\user\source\repos\laba10\laba10\source.c(80): warning C4047: функция: "node **" отличается по уровням косвенного обращения от "node *"
c:\users\user\source\repos\laba10\laba10\source.c(80): warning C4024: sortByPrice: различные типы для формального и фактического параметров 1
c:\users\user\source\repos\laba10\laba10\source.c(7): warning C4996: 'fopen': This function or variable may be unsafe. Consider using fopen_s instead. To disable deprecation, use _CRT_SECURE_NO_WARNINGS. See online help for details.
  c:\program files (x86)\windows kits\10\include\10.0.10586.0\ucrt\stdio.h(205): note:  см. объявление "fopen"
c:\users\user\source\repos\laba10\laba10\source.c(20): warning C4996: 'scanf': This function or variable may be unsafe. Consider using scanf_s instead. To disable deprecation, use _CRT_SECURE_NO_WARNINGS. See online help for details.
  c:\program files (x86)\windows kits\10\include\10.0.10586.0\ucrt\stdio.h(1270): note:  см. объявление "scanf"
c:\users\user\source\repos\laba10\laba10\source.c(30): warning C4477: "fscanf": в строке форматирования "%s" требуется аргумент типа "char *", но вариативный аргумент "1" имеет тип "char *(*)[25]"
c:\users\user\source\repos\laba10\laba10\source.c(30): warning C4996: 'fscanf': This function or variable may be unsafe. Consider using fscanf_s instead. To disable deprecation, use _CRT_SECURE_NO_WARNINGS. See online help for details.
  c:\program files (x86)\windows kits\10\include\10.0.10586.0\ucrt\stdio.h(1193): note:  см. объявление "fscanf"
c:\users\user\source\repos\laba10\laba10\source.c(32): warning C4477: "fscanf": в строке форматирования "%s" требуется аргумент типа "char *", но вариативный аргумент "1" имеет тип "char *(*)[25]"
c:\users\user\source\repos\laba10\laba10\source.c(32): warning C4996: 'fscanf': This function or variable may be unsafe. Consider using fscanf_s instead. To disable deprecation, use _CRT_SECURE_NO_WARNINGS. See online help for details.
  c:\program files (x86)\windows kits\10\include\10.0.10586.0\ucrt\stdio.h(1193): note:  см. объявление "fscanf"
c:\users\user\source\repos\laba10\laba10\source.c(34): warning C4996: 'fscanf': This function or variable may be unsafe. Consider using fscanf_s instead. To disable deprecation, use _CRT_SECURE_NO_WARNINGS. See online help for details.
  c:\program files (x86)\windows kits\10\include\10.0.10586.0\ucrt\stdio.h(1193): note:  см. объявление "fscanf"
c:\users\user\source\repos\laba10\laba10\source.c(36): warning C4996: 'fscanf': This function or variable may be unsafe. Consider using fscanf_s instead. To disable deprecation, use _CRT_SECURE_NO_WARNINGS. See online help for details.
  c:\program files (x86)\windows kits\10\include\10.0.10586.0\ucrt\stdio.h(1193): note:  см. объявление "fscanf"
c:\users\user\source\repos\laba10\laba10\source.c(38): warning C4996: 'fscanf': This function or variable may be unsafe. Consider using fscanf_s instead. To disable deprecation, use _CRT_SECURE_NO_WARNINGS. See online help for details.
  c:\program files (x86)\windows kits\10\include\10.0.10586.0\ucrt\stdio.h(1193): note:  см. объявление "fscanf"
c:\users\user\source\repos\laba10\laba10\source.c(52): warning C4477: "scanf": в строке форматирования "%s" требуется аргумент типа "char *", но вариативный аргумент "1" имеет тип "char **"
c:\users\user\source\repos\laba10\laba10\source.c(52): warning C4996: 'scanf': This function or variable may be unsafe. Consider using scanf_s instead. To disable deprecation, use _CRT_SECURE_NO_WARNINGS. See online help for details.
  c:\program files (x86)\windows kits\10\include\10.0.10586.0\ucrt\stdio.h(1270): note:  см. объявление "scanf"
c:\users\user\source\repos\laba10\laba10\source.c(54): warning C4477: "scanf": в строке форматирования "%s" требуется аргумент типа "char *", но вариативный аргумент "1" имеет тип "char **"
c:\users\user\source\repos\laba10\laba10\source.c(54): warning C4996: 'scanf': This function or variable may be unsafe. Consider using scanf_s instead. To disable deprecation, use _CRT_SECURE_NO_WARNINGS. See online help for details.
  c:\program files (x86)\windows kits\10\include\10.0.10586.0\ucrt\stdio.h(1270): note:  см. объявление "scanf"
c:\users\user\source\repos\laba10\laba10\source.c(56): warning C4996: 'scanf': This function or variable may be unsafe. Consider using scanf_s instead. To disable deprecation, use _CRT_SECURE_NO_WARNINGS. See online help for details.
  c:\program files (x86)\windows kits\10\include\10.0.10586.0\ucrt\stdio.h(1270): note:  см. объявление "scanf"
c:\users\user\source\repos\laba10\laba10\source.c(58): warning C4996: 'scanf': This function or variable may be unsafe. Consider using scanf_s instead. To disable deprecation, use _CRT_SECURE_NO_WARNINGS. See online help for details.
  c:\program files (x86)\windows kits\10\include\10.0.10586.0\ucrt\stdio.h(1270): note:  см. объявление "scanf"
c:\users\user\source\repos\laba10\laba10\source.c(60): warning C4996: 'scanf': This function or variable may be unsafe. Consider using scanf_s instead. To disable deprecation, use _CRT_SECURE_NO_WARNINGS. See online help for details.
  c:\program files (x86)\windows kits\10\include\10.0.10586.0\ucrt\stdio.h(1270): note:  см. объявление "scanf"
c:\users\user\source\repos\laba10\laba10\source.c(87): warning C4996: 'scanf': This function or variable may be unsafe. Consider using scanf_s instead. To disable deprecation, use _CRT_SECURE_NO_WARNINGS. See online help for details.
  c:\program files (x86)\windows kits\10\include\10.0.10586.0\ucrt\stdio.h(1270): note:  см. объявление "scanf"
c:\users\user\source\repos\laba10\laba10\source.c(91): warning C4477: "scanf": в строке форматирования "%s" требуется аргумент типа "char *", но вариативный аргумент "1" имеет тип "char **"
c:\users\user\source\repos\laba10\laba10\source.c(91): warning C4996: 'scanf': This function or variable may be unsafe. Consider using scanf_s instead. To disable deprecation, use _CRT_SECURE_NO_WARNINGS. See online help for details.
  c:\program files (x86)\windows kits\10\include\10.0.10586.0\ucrt\stdio.h(1270): note:  см. объявление "scanf"
c:\users\user\source\repos\laba10\laba10\source.c(93): warning C4477: "scanf": в строке форматирования "%s" требуется аргумент типа "char *", но вариативный аргумент "1" имеет тип "char **"
c:\users\user\source\repos\laba10\laba10\source.c(93): warning C4996: 'scanf': This function or variable may be unsafe. Consider using scanf_s instead. To disable deprecation, use _CRT_SECURE_NO_WARNINGS. See online help for details.
  c:\program files (x86)\windows kits\10\include\10.0.10586.0\ucrt\stdio.h(1270): note:  см. объявление "scanf"
c:\users\user\source\repos\laba10\laba10\source.c(95): warning C4996: 'scanf': This function or variable may be unsafe. Consider using scanf_s instead. To disable deprecation, use _CRT_SECURE_NO_WARNINGS. See online help for details.
  c:\program files (x86)\windows kits\10\include\10.0.10586.0\ucrt\stdio.h(1270): note:  см. объявление "scanf"
c:\users\user\source\repos\laba10\laba10\source.c(97): warning C4996: 'scanf': This function or variable may be unsafe. Consider using scanf_s instead. To disable deprecation, use _CRT_SECURE_NO_WARNINGS. See online help for details.
  c:\program files (x86)\windows kits\10\include\10.0.10586.0\ucrt\stdio.h(1270): note:  см. объявление "scanf"
c:\users\user\source\repos\laba10\laba10\source.c(99): warning C4996: 'scanf': This function or variable may be unsafe. Consider using scanf_s instead. To disable deprecation, use _CRT_SECURE_NO_WARNINGS. See online help for details.
  c:\program files (x86)\windows kits\10\include\10.0.10586.0\ucrt\stdio.h(1270): note:  см. объявление "scanf"
c:\users\user\source\repos\laba10\laba10\source.c(114): warning C4996: 'fopen': This function or variable may be unsafe. Consider using fopen_s instead. To disable deprecation, use _CRT_SECURE_NO_WARNINGS. See online help for details.
  c:\program files (x86)\windows kits\10\include\10.0.10586.0\ucrt\stdio.h(205): note:  см. объявление "fopen"
c:\users\user\source\repos\laba10\laba10\source.c(126): warning C4996: 'scanf': This function or variable may be unsafe. Consider using scanf_s instead. To disable deprecation, use _CRT_SECURE_NO_WARNINGS. See online help for details.
  c:\program files (x86)\windows kits\10\include\10.0.10586.0\ucrt\stdio.h(1270): note:  см. объявление "scanf"
c:\users\user\source\repos\laba10\laba10\source.c(17): warning C4101: operation: неиспользованная локальная переменная
  functions.c
c:\users\user\source\repos\laba10\laba10\functions.c(21): warning C4477: "printf": в строке форматирования "%s" требуется аргумент типа "char *", но вариативный аргумент "1" имеет тип "char **"
c:\users\user\source\repos\laba10\laba10\functions.c(21): warning C4477: "printf": в строке форматирования "%s" требуется аргумент типа "char *", но вариативный аргумент "2" имеет тип "char **"
c:\users\user\source\repos\laba10\laba10\functions.c(80): warning C4047: =: "node *" отличается по уровням косвенного обращения от "node **"
c:\users\user\source\repos\laba10\laba10\functions.c(96): warning C4047: =: "node *" отличается по уровням косвенного обращения от "node **"
c:\users\user\source\repos\laba10\laba10\functions.c(113): warning C4047: инициализация: "node *" отличается по уровням косвенного обращения от "node **"
c:\users\user\source\repos\laba10\laba10\functions.c(111): warning C4101: tmp: неиспользованная локальная переменная
c:\users\user\source\repos\laba10\laba10\functions.c(151): warning C4477: "fprintf": в строке форматирования "%s" требуется аргумент типа "char *", но вариативный аргумент "1" имеет тип "char **"
c:\users\user\source\repos\laba10\laba10\functions.c(151): warning C4477: "fprintf": в строке форматирования "%s" требуется аргумент типа "char *", но вариативный аргумент "2" имеет тип "char **"
  Создание кода...
  laba10.vcxproj -> C:\Users\USER\source\repos\laba10\Debug\laba10.exe
